2023-04-22T11:57:37+00:00 CRITICAL Uncaught TypeError: array_filter(): Argument #1 ($array) must be of type array, string given in C:\Users\Matias Flores\Local Sites\blocks\app\public\wp-includes\class-wp-user-query.php:479
Stack trace:
#0 C:\Users\Matias Flores\Local Sites\blocks\app\public\wp-includes\class-wp-user-query.php(479): array_filter('read_post')
#1 C:\Users\Matias Flores\Local Sites\blocks\app\public\wp-includes\class-wp-user-query.php(78): WP_User_Query->prepare_query(Array)
#2 C:\Users\Matias Flores\Local Sites\blocks\app\public\wp-includes\user.php(775): WP_User_Query->__construct(Array)
#3 C:\Users\Matias Flores\Local Sites\blocks\app\public\wp-includes\user.php(1667): get_users(Array)
#4 C:\Users\Matias Flores\Local Sites\blocks\app\public\wp-admin\includes\class-wp-posts-list-table.php(1711): wp_dropdown_users(Array)
#5 C:\Users\Matias Flores\Local Sites\blocks\app\public\wp-admin\edit.php(493): WP_Posts_List_Table->inline_edit()
#6 {main}
  thrown en C:\Users\Matias Flores\Local Sites\blocks\app\public\wp-includes\class-wp-user-query.php en la línea 479

2023-04-22T11:57:40+00:00 CRITICAL Uncaught TypeError: array_filter(): Argument #1 ($array) must be of type array, string given in C:\Users\Matias Flores\Local Sites\blocks\app\public\wp-includes\class-wp-user-query.php:479
Stack trace:
#0 C:\Users\Matias Flores\Local Sites\blocks\app\public\wp-includes\class-wp-user-query.php(479): array_filter('read_post')
#1 C:\Users\Matias Flores\Local Sites\blocks\app\public\wp-includes\class-wp-user-query.php(78): WP_User_Query->prepare_query(Array)
#2 C:\Users\Matias Flores\Local Sites\blocks\app\public\wp-includes\user.php(775): WP_User_Query->__construct(Array)
#3 C:\Users\Matias Flores\Local Sites\blocks\app\public\wp-includes\user.php(1667): get_users(Array)
#4 C:\Users\Matias Flores\Local Sites\blocks\app\public\wp-admin\includes\class-wp-posts-list-table.php(1711): wp_dropdown_users(Array)
#5 C:\Users\Matias Flores\Local Sites\blocks\app\public\wp-admin\edit.php(493): WP_Posts_List_Table->inline_edit()
#6 {main}
  thrown en C:\Users\Matias Flores\Local Sites\blocks\app\public\wp-includes\class-wp-user-query.php en la línea 479

2023-04-22T11:57:43+00:00 CRITICAL Uncaught TypeError: array_filter(): Argument #1 ($array) must be of type array, string given in C:\Users\Matias Flores\Local Sites\blocks\app\public\wp-includes\class-wp-user-query.php:479
Stack trace:
#0 C:\Users\Matias Flores\Local Sites\blocks\app\public\wp-includes\class-wp-user-query.php(479): array_filter('read_post')
#1 C:\Users\Matias Flores\Local Sites\blocks\app\public\wp-includes\class-wp-user-query.php(78): WP_User_Query->prepare_query(Array)
#2 C:\Users\Matias Flores\Local Sites\blocks\app\public\wp-includes\user.php(775): WP_User_Query->__construct(Array)
#3 C:\Users\Matias Flores\Local Sites\blocks\app\public\wp-includes\user.php(1667): get_users(Array)
#4 C:\Users\Matias Flores\Local Sites\blocks\app\public\wp-admin\includes\class-wp-posts-list-table.php(1711): wp_dropdown_users(Array)
#5 C:\Users\Matias Flores\Local Sites\blocks\app\public\wp-admin\edit.php(493): WP_Posts_List_Table->inline_edit()
#6 {main}
  thrown en C:\Users\Matias Flores\Local Sites\blocks\app\public\wp-includes\class-wp-user-query.php en la línea 479

2023-04-22T11:57:59+00:00 CRITICAL Uncaught TypeError: array_filter(): Argument #1 ($array) must be of type array, string given in C:\Users\Matias Flores\Local Sites\blocks\app\public\wp-includes\class-wp-user-query.php:479
Stack trace:
#0 C:\Users\Matias Flores\Local Sites\blocks\app\public\wp-includes\class-wp-user-query.php(479): array_filter('read_post')
#1 C:\Users\Matias Flores\Local Sites\blocks\app\public\wp-includes\class-wp-user-query.php(78): WP_User_Query->prepare_query(Array)
#2 C:\Users\Matias Flores\Local Sites\blocks\app\public\wp-includes\user.php(775): WP_User_Query->__construct(Array)
#3 C:\Users\Matias Flores\Local Sites\blocks\app\public\wp-includes\user.php(1667): get_users(Array)
#4 C:\Users\Matias Flores\Local Sites\blocks\app\public\wp-admin\includes\class-wp-posts-list-table.php(1711): wp_dropdown_users(Array)
#5 C:\Users\Matias Flores\Local Sites\blocks\app\public\wp-admin\edit.php(493): WP_Posts_List_Table->inline_edit()
#6 {main}
  thrown en C:\Users\Matias Flores\Local Sites\blocks\app\public\wp-includes\class-wp-user-query.php en la línea 479

2023-04-22T13:46:27+00:00 CRITICAL Uncaught TypeError: array_filter(): Argument #1 ($array) must be of type array, string given in C:\Users\Matias Flores\Local Sites\blocks\app\public\wp-includes\class-wp-user-query.php:479
Stack trace:
#0 C:\Users\Matias Flores\Local Sites\blocks\app\public\wp-includes\class-wp-user-query.php(479): array_filter('read_post')
#1 C:\Users\Matias Flores\Local Sites\blocks\app\public\wp-includes\class-wp-user-query.php(78): WP_User_Query->prepare_query(Array)
#2 C:\Users\Matias Flores\Local Sites\blocks\app\public\wp-includes\user.php(775): WP_User_Query->__construct(Array)
#3 C:\Users\Matias Flores\Local Sites\blocks\app\public\wp-includes\user.php(1667): get_users(Array)
#4 C:\Users\Matias Flores\Local Sites\blocks\app\public\wp-admin\includes\class-wp-posts-list-table.php(1711): wp_dropdown_users(Array)
#5 C:\Users\Matias Flores\Local Sites\blocks\app\public\wp-admin\edit.php(493): WP_Posts_List_Table->inline_edit()
#6 {main}
  thrown en C:\Users\Matias Flores\Local Sites\blocks\app\public\wp-includes\class-wp-user-query.php en la línea 479

2023-04-22T13:48:49+00:00 CRITICAL Uncaught TypeError: array_filter(): Argument #1 ($array) must be of type array, string given in C:\Users\Matias Flores\Local Sites\blocks\app\public\wp-includes\class-wp-user-query.php:479
Stack trace:
#0 C:\Users\Matias Flores\Local Sites\blocks\app\public\wp-includes\class-wp-user-query.php(479): array_filter('read_post')
#1 C:\Users\Matias Flores\Local Sites\blocks\app\public\wp-includes\class-wp-user-query.php(78): WP_User_Query->prepare_query(Array)
#2 C:\Users\Matias Flores\Local Sites\blocks\app\public\wp-includes\user.php(775): WP_User_Query->__construct(Array)
#3 C:\Users\Matias Flores\Local Sites\blocks\app\public\wp-includes\user.php(1667): get_users(Array)
#4 C:\Users\Matias Flores\Local Sites\blocks\app\public\wp-admin\includes\class-wp-posts-list-table.php(1711): wp_dropdown_users(Array)
#5 C:\Users\Matias Flores\Local Sites\blocks\app\public\wp-admin\edit.php(493): WP_Posts_List_Table->inline_edit()
#6 {main}
  thrown en C:\Users\Matias Flores\Local Sites\blocks\app\public\wp-includes\class-wp-user-query.php en la línea 479

2023-04-22T13:49:09+00:00 CRITICAL Uncaught TypeError: array_filter(): Argument #1 ($array) must be of type array, string given in C:\Users\Matias Flores\Local Sites\blocks\app\public\wp-includes\class-wp-user-query.php:479
Stack trace:
#0 C:\Users\Matias Flores\Local Sites\blocks\app\public\wp-includes\class-wp-user-query.php(479): array_filter('read_post')
#1 C:\Users\Matias Flores\Local Sites\blocks\app\public\wp-includes\class-wp-user-query.php(78): WP_User_Query->prepare_query(Array)
#2 C:\Users\Matias Flores\Local Sites\blocks\app\public\wp-includes\user.php(775): WP_User_Query->__construct(Array)
#3 C:\Users\Matias Flores\Local Sites\blocks\app\public\wp-includes\user.php(1667): get_users(Array)
#4 C:\Users\Matias Flores\Local Sites\blocks\app\public\wp-admin\includes\class-wp-posts-list-table.php(1711): wp_dropdown_users(Array)
#5 C:\Users\Matias Flores\Local Sites\blocks\app\public\wp-admin\edit.php(493): WP_Posts_List_Table->inline_edit()
#6 {main}
  thrown en C:\Users\Matias Flores\Local Sites\blocks\app\public\wp-includes\class-wp-user-query.php en la línea 479

2023-04-22T14:07:02+00:00 CRITICAL Uncaught TypeError: array_filter(): Argument #1 ($array) must be of type array, string given in C:\Users\Matias Flores\Local Sites\blocks\app\public\wp-includes\class-wp-user-query.php:479
Stack trace:
#0 C:\Users\Matias Flores\Local Sites\blocks\app\public\wp-includes\class-wp-user-query.php(479): array_filter('read_post')
#1 C:\Users\Matias Flores\Local Sites\blocks\app\public\wp-includes\class-wp-user-query.php(78): WP_User_Query->prepare_query(Array)
#2 C:\Users\Matias Flores\Local Sites\blocks\app\public\wp-includes\user.php(775): WP_User_Query->__construct(Array)
#3 C:\Users\Matias Flores\Local Sites\blocks\app\public\wp-includes\user.php(1667): get_users(Array)
#4 C:\Users\Matias Flores\Local Sites\blocks\app\public\wp-admin\includes\class-wp-posts-list-table.php(1711): wp_dropdown_users(Array)
#5 C:\Users\Matias Flores\Local Sites\blocks\app\public\wp-admin\edit.php(493): WP_Posts_List_Table->inline_edit()
#6 {main}
  thrown en C:\Users\Matias Flores\Local Sites\blocks\app\public\wp-includes\class-wp-user-query.php en la línea 479

2023-04-22T14:12:11+00:00 CRITICAL Uncaught TypeError: array_filter(): Argument #1 ($array) must be of type array, string given in C:\Users\Matias Flores\Local Sites\blocks\app\public\wp-includes\class-wp-user-query.php:479
Stack trace:
#0 C:\Users\Matias Flores\Local Sites\blocks\app\public\wp-includes\class-wp-user-query.php(479): array_filter('read_post')
#1 C:\Users\Matias Flores\Local Sites\blocks\app\public\wp-includes\class-wp-user-query.php(78): WP_User_Query->prepare_query(Array)
#2 C:\Users\Matias Flores\Local Sites\blocks\app\public\wp-includes\user.php(775): WP_User_Query->__construct(Array)
#3 C:\Users\Matias Flores\Local Sites\blocks\app\public\wp-includes\user.php(1667): get_users(Array)
#4 C:\Users\Matias Flores\Local Sites\blocks\app\public\wp-admin\includes\class-wp-posts-list-table.php(1711): wp_dropdown_users(Array)
#5 C:\Users\Matias Flores\Local Sites\blocks\app\public\wp-admin\edit.php(493): WP_Posts_List_Table->inline_edit()
#6 {main}
  thrown en C:\Users\Matias Flores\Local Sites\blocks\app\public\wp-includes\class-wp-user-query.php en la línea 479

2023-04-22T16:53:41+00:00 CRITICAL Uncaught TypeError: array_filter(): Argument #1 ($array) must be of type array, string given in C:\Users\Matias Flores\Local Sites\blocks\app\public\wp-includes\class-wp-user-query.php:479
Stack trace:
#0 C:\Users\Matias Flores\Local Sites\blocks\app\public\wp-includes\class-wp-user-query.php(479): array_filter('read_post')
#1 C:\Users\Matias Flores\Local Sites\blocks\app\public\wp-includes\class-wp-user-query.php(78): WP_User_Query->prepare_query(Array)
#2 C:\Users\Matias Flores\Local Sites\blocks\app\public\wp-includes\user.php(775): WP_User_Query->__construct(Array)
#3 C:\Users\Matias Flores\Local Sites\blocks\app\public\wp-includes\user.php(1667): get_users(Array)
#4 C:\Users\Matias Flores\Local Sites\blocks\app\public\wp-admin\includes\class-wp-posts-list-table.php(1711): wp_dropdown_users(Array)
#5 C:\Users\Matias Flores\Local Sites\blocks\app\public\wp-admin\edit.php(493): WP_Posts_List_Table->inline_edit()
#6 {main}
  thrown en C:\Users\Matias Flores\Local Sites\blocks\app\public\wp-includes\class-wp-user-query.php en la línea 479

2023-04-22T16:54:28+00:00 CRITICAL Uncaught TypeError: array_filter(): Argument #1 ($array) must be of type array, string given in C:\Users\Matias Flores\Local Sites\blocks\app\public\wp-includes\class-wp-user-query.php:479
Stack trace:
#0 C:\Users\Matias Flores\Local Sites\blocks\app\public\wp-includes\class-wp-user-query.php(479): array_filter('read_post')
#1 C:\Users\Matias Flores\Local Sites\blocks\app\public\wp-includes\class-wp-user-query.php(78): WP_User_Query->prepare_query(Array)
#2 C:\Users\Matias Flores\Local Sites\blocks\app\public\wp-includes\user.php(775): WP_User_Query->__construct(Array)
#3 C:\Users\Matias Flores\Local Sites\blocks\app\public\wp-includes\user.php(1667): get_users(Array)
#4 C:\Users\Matias Flores\Local Sites\blocks\app\public\wp-admin\includes\class-wp-posts-list-table.php(1711): wp_dropdown_users(Array)
#5 C:\Users\Matias Flores\Local Sites\blocks\app\public\wp-admin\edit.php(493): WP_Posts_List_Table->inline_edit()
#6 {main}
  thrown en C:\Users\Matias Flores\Local Sites\blocks\app\public\wp-includes\class-wp-user-query.php en la línea 479

2023-04-22T16:57:17+00:00 CRITICAL Uncaught TypeError: array_filter(): Argument #1 ($array) must be of type array, string given in C:\Users\Matias Flores\Local Sites\blocks\app\public\wp-includes\class-wp-user-query.php:479
Stack trace:
#0 C:\Users\Matias Flores\Local Sites\blocks\app\public\wp-includes\class-wp-user-query.php(479): array_filter('read_post')
#1 C:\Users\Matias Flores\Local Sites\blocks\app\public\wp-includes\class-wp-user-query.php(78): WP_User_Query->prepare_query(Array)
#2 C:\Users\Matias Flores\Local Sites\blocks\app\public\wp-includes\user.php(775): WP_User_Query->__construct(Array)
#3 C:\Users\Matias Flores\Local Sites\blocks\app\public\wp-includes\user.php(1667): get_users(Array)
#4 C:\Users\Matias Flores\Local Sites\blocks\app\public\wp-admin\includes\class-wp-posts-list-table.php(1711): wp_dropdown_users(Array)
#5 C:\Users\Matias Flores\Local Sites\blocks\app\public\wp-admin\edit.php(493): WP_Posts_List_Table->inline_edit()
#6 {main}
  thrown en C:\Users\Matias Flores\Local Sites\blocks\app\public\wp-includes\class-wp-user-query.php en la línea 479

2023-04-22T17:09:08+00:00 CRITICAL Uncaught TypeError: array_filter(): Argument #1 ($array) must be of type array, string given in C:\Users\Matias Flores\Local Sites\blocks\app\public\wp-includes\class-wp-user-query.php:479
Stack trace:
#0 C:\Users\Matias Flores\Local Sites\blocks\app\public\wp-includes\class-wp-user-query.php(479): array_filter('read_post')
#1 C:\Users\Matias Flores\Local Sites\blocks\app\public\wp-includes\class-wp-user-query.php(78): WP_User_Query->prepare_query(Array)
#2 C:\Users\Matias Flores\Local Sites\blocks\app\public\wp-includes\user.php(775): WP_User_Query->__construct(Array)
#3 C:\Users\Matias Flores\Local Sites\blocks\app\public\wp-includes\user.php(1667): get_users(Array)
#4 C:\Users\Matias Flores\Local Sites\blocks\app\public\wp-admin\includes\class-wp-posts-list-table.php(1711): wp_dropdown_users(Array)
#5 C:\Users\Matias Flores\Local Sites\blocks\app\public\wp-admin\edit.php(493): WP_Posts_List_Table->inline_edit()
#6 {main}
  thrown en C:\Users\Matias Flores\Local Sites\blocks\app\public\wp-includes\class-wp-user-query.php en la línea 479

2023-04-22T17:42:37+00:00 CRITICAL Uncaught ArgumentCountError: Too few arguments to function plz_news_render_callback(), 1 passed in C:\Users\Matias Flores\Local Sites\blocks\app\public\wp-includes\class-wp-hook.php on line 308 and exactly 2 expected in C:\Users\Matias Flores\Local Sites\blocks\app\public\wp-content\plugins\frontend-login\blocks\news\index.php:3
Stack trace:
#0 C:\Users\Matias Flores\Local Sites\blocks\app\public\wp-includes\class-wp-hook.php(308): plz_news_render_callback('')
#1 C:\Users\Matias Flores\Local Sites\blocks\app\public\wp-includes\class-wp-hook.php(332): WP_Hook->apply_filters(NULL, Array)
#2 C:\Users\Matias Flores\Local Sites\blocks\app\public\wp-includes\plugin.php(517): WP_Hook->do_action(Array)
#3 C:\Users\Matias Flores\Local Sites\blocks\app\public\wp-settings.php(623): do_action('init')
#4 C:\Users\Matias Flores\Local Sites\blocks\app\public\wp-config.php(77): require_once('C:\\Users\\Matias...')
#5 C:\Users\Matias Flores\Local Sites\blocks\app\public\wp-load.php(50): require_once('C:\\Users\\Matias...')
#6 C:\Users\Matias Flores\Local Sites\blocks\app\public\wp-admin\admin-ajax.php(22): require_once('C:\\Users\\Matias...')
#7 {main}
  thrown en C:\Users\Matias Flores\Local Sites\blocks\app\public\wp-content\plugins\frontend-login\blocks\news\index.php en la línea 3

2023-04-22T17:42:37+00:00 CRITICAL Uncaught ArgumentCountError: Too few arguments to function plz_news_render_callback(), 1 passed in C:\Users\Matias Flores\Local Sites\blocks\app\public\wp-includes\class-wp-hook.php on line 308 and exactly 2 expected in C:\Users\Matias Flores\Local Sites\blocks\app\public\wp-content\plugins\frontend-login\blocks\news\index.php:3
Stack trace:
#0 C:\Users\Matias Flores\Local Sites\blocks\app\public\wp-includes\class-wp-hook.php(308): plz_news_render_callback('')
#1 C:\Users\Matias Flores\Local Sites\blocks\app\public\wp-includes\class-wp-hook.php(332): WP_Hook->apply_filters(NULL, Array)
#2 C:\Users\Matias Flores\Local Sites\blocks\app\public\wp-includes\plugin.php(517): WP_Hook->do_action(Array)
#3 C:\Users\Matias Flores\Local Sites\blocks\app\public\wp-settings.php(623): do_action('init')
#4 C:\Users\Matias Flores\Local Sites\blocks\app\public\wp-config.php(77): require_once('C:\\Users\\Matias...')
#5 C:\Users\Matias Flores\Local Sites\blocks\app\public\wp-load.php(50): require_once('C:\\Users\\Matias...')
#6 C:\Users\Matias Flores\Local Sites\blocks\app\public\wp-admin\admin.php(34): require_once('C:\\Users\\Matias...')
#7 C:\Users\Matias Flores\Local Sites\blocks\app\public\wp-admin\edit.php(10): require_once('C:\\Users\\Matias...')
#8 {main}
  thrown en C:\Users\Matias Flores\Local Sites\blocks\app\public\wp-content\plugins\frontend-login\blocks\news\index.php en la línea 3

2023-04-22T17:42:37+00:00 CRITICAL Uncaught ArgumentCountError: Too few arguments to function plz_news_render_callback(), 1 passed in C:\Users\Matias Flores\Local Sites\blocks\app\public\wp-includes\class-wp-hook.php on line 308 and exactly 2 expected in C:\Users\Matias Flores\Local Sites\blocks\app\public\wp-content\plugins\frontend-login\blocks\news\index.php:3
Stack trace:
#0 C:\Users\Matias Flores\Local Sites\blocks\app\public\wp-includes\class-wp-hook.php(308): plz_news_render_callback('')
#1 C:\Users\Matias Flores\Local Sites\blocks\app\public\wp-includes\class-wp-hook.php(332): WP_Hook->apply_filters(NULL, Array)
#2 C:\Users\Matias Flores\Local Sites\blocks\app\public\wp-includes\plugin.php(517): WP_Hook->do_action(Array)
#3 C:\Users\Matias Flores\Local Sites\blocks\app\public\wp-settings.php(623): do_action('init')
#4 C:\Users\Matias Flores\Local Sites\blocks\app\public\wp-config.php(77): require_once('C:\\Users\\Matias...')
#5 C:\Users\Matias Flores\Local Sites\blocks\app\public\wp-load.php(50): require_once('C:\\Users\\Matias...')
#6 C:\Users\Matias Flores\Local Sites\blocks\app\public\wp-blog-header.php(13): require_once('C:\\Users\\Matias...')
#7 C:\Users\Matias Flores\Local Sites\blocks\app\public\index.php(17): require('C:\\Users\\Matias...')
#8 {main}
  thrown en C:\Users\Matias Flores\Local Sites\blocks\app\public\wp-content\plugins\frontend-login\blocks\news\index.php en la línea 3

2023-04-22T17:49:18+00:00 CRITICAL Uncaught TypeError: array_filter(): Argument #1 ($array) must be of type array, string given in C:\Users\Matias Flores\Local Sites\blocks\app\public\wp-includes\class-wp-user-query.php:479
Stack trace:
#0 C:\Users\Matias Flores\Local Sites\blocks\app\public\wp-includes\class-wp-user-query.php(479): array_filter('read_post')
#1 C:\Users\Matias Flores\Local Sites\blocks\app\public\wp-includes\class-wp-user-query.php(78): WP_User_Query->prepare_query(Array)
#2 C:\Users\Matias Flores\Local Sites\blocks\app\public\wp-includes\user.php(775): WP_User_Query->__construct(Array)
#3 C:\Users\Matias Flores\Local Sites\blocks\app\public\wp-includes\user.php(1667): get_users(Array)
#4 C:\Users\Matias Flores\Local Sites\blocks\app\public\wp-admin\includes\class-wp-posts-list-table.php(1711): wp_dropdown_users(Array)
#5 C:\Users\Matias Flores\Local Sites\blocks\app\public\wp-admin\edit.php(493): WP_Posts_List_Table->inline_edit()
#6 {main}
  thrown en C:\Users\Matias Flores\Local Sites\blocks\app\public\wp-includes\class-wp-user-query.php en la línea 479

2023-04-22T18:34:32+00:00 CRITICAL Uncaught TypeError: array_filter(): Argument #1 ($array) must be of type array, string given in C:\Users\Matias Flores\Local Sites\blocks\app\public\wp-includes\class-wp-user-query.php:479
Stack trace:
#0 C:\Users\Matias Flores\Local Sites\blocks\app\public\wp-includes\class-wp-user-query.php(479): array_filter('read_post')
#1 C:\Users\Matias Flores\Local Sites\blocks\app\public\wp-includes\class-wp-user-query.php(78): WP_User_Query->prepare_query(Array)
#2 C:\Users\Matias Flores\Local Sites\blocks\app\public\wp-includes\user.php(775): WP_User_Query->__construct(Array)
#3 C:\Users\Matias Flores\Local Sites\blocks\app\public\wp-includes\user.php(1667): get_users(Array)
#4 C:\Users\Matias Flores\Local Sites\blocks\app\public\wp-admin\includes\class-wp-posts-list-table.php(1711): wp_dropdown_users(Array)
#5 C:\Users\Matias Flores\Local Sites\blocks\app\public\wp-admin\edit.php(493): WP_Posts_List_Table->inline_edit()
#6 {main}
  thrown en C:\Users\Matias Flores\Local Sites\blocks\app\public\wp-includes\class-wp-user-query.php en la línea 479

2023-04-22T18:40:06+00:00 CRITICAL Uncaught TypeError: array_filter(): Argument #1 ($array) must be of type array, string given in C:\Users\Matias Flores\Local Sites\blocks\app\public\wp-includes\class-wp-user-query.php:479
Stack trace:
#0 C:\Users\Matias Flores\Local Sites\blocks\app\public\wp-includes\class-wp-user-query.php(479): array_filter('read_post')
#1 C:\Users\Matias Flores\Local Sites\blocks\app\public\wp-includes\class-wp-user-query.php(78): WP_User_Query->prepare_query(Array)
#2 C:\Users\Matias Flores\Local Sites\blocks\app\public\wp-includes\user.php(775): WP_User_Query->__construct(Array)
#3 C:\Users\Matias Flores\Local Sites\blocks\app\public\wp-includes\user.php(1667): get_users(Array)
#4 C:\Users\Matias Flores\Local Sites\blocks\app\public\wp-admin\includes\class-wp-posts-list-table.php(1711): wp_dropdown_users(Array)
#5 C:\Users\Matias Flores\Local Sites\blocks\app\public\wp-admin\edit.php(493): WP_Posts_List_Table->inline_edit()
#6 {main}
  thrown en C:\Users\Matias Flores\Local Sites\blocks\app\public\wp-includes\class-wp-user-query.php en la línea 479

2023-04-22T19:12:32+00:00 CRITICAL Uncaught TypeError: array_filter(): Argument #1 ($array) must be of type array, string given in C:\Users\Matias Flores\Local Sites\blocks\app\public\wp-includes\class-wp-user-query.php:479
Stack trace:
#0 C:\Users\Matias Flores\Local Sites\blocks\app\public\wp-includes\class-wp-user-query.php(479): array_filter('read_post')
#1 C:\Users\Matias Flores\Local Sites\blocks\app\public\wp-includes\class-wp-user-query.php(78): WP_User_Query->prepare_query(Array)
#2 C:\Users\Matias Flores\Local Sites\blocks\app\public\wp-includes\user.php(775): WP_User_Query->__construct(Array)
#3 C:\Users\Matias Flores\Local Sites\blocks\app\public\wp-includes\user.php(1667): get_users(Array)
#4 C:\Users\Matias Flores\Local Sites\blocks\app\public\wp-admin\includes\class-wp-posts-list-table.php(1711): wp_dropdown_users(Array)
#5 C:\Users\Matias Flores\Local Sites\blocks\app\public\wp-admin\edit.php(493): WP_Posts_List_Table->inline_edit()
#6 {main}
  thrown en C:\Users\Matias Flores\Local Sites\blocks\app\public\wp-includes\class-wp-user-query.php en la línea 479

2023-04-22T19:20:08+00:00 CRITICAL Uncaught TypeError: array_filter(): Argument #1 ($array) must be of type array, string given in C:\Users\Matias Flores\Local Sites\blocks\app\public\wp-includes\class-wp-user-query.php:479
Stack trace:
#0 C:\Users\Matias Flores\Local Sites\blocks\app\public\wp-includes\class-wp-user-query.php(479): array_filter('read_post')
#1 C:\Users\Matias Flores\Local Sites\blocks\app\public\wp-includes\class-wp-user-query.php(78): WP_User_Query->prepare_query(Array)
#2 C:\Users\Matias Flores\Local Sites\blocks\app\public\wp-includes\user.php(775): WP_User_Query->__construct(Array)
#3 C:\Users\Matias Flores\Local Sites\blocks\app\public\wp-includes\user.php(1667): get_users(Array)
#4 C:\Users\Matias Flores\Local Sites\blocks\app\public\wp-admin\includes\class-wp-posts-list-table.php(1711): wp_dropdown_users(Array)
#5 C:\Users\Matias Flores\Local Sites\blocks\app\public\wp-admin\edit.php(493): WP_Posts_List_Table->inline_edit()
#6 {main}
  thrown en C:\Users\Matias Flores\Local Sites\blocks\app\public\wp-includes\class-wp-user-query.php en la línea 479

2023-04-22T19:55:26+00:00 CRITICAL Uncaught TypeError: array_filter(): Argument #1 ($array) must be of type array, string given in C:\Users\Matias Flores\Local Sites\blocks\app\public\wp-includes\class-wp-user-query.php:479
Stack trace:
#0 C:\Users\Matias Flores\Local Sites\blocks\app\public\wp-includes\class-wp-user-query.php(479): array_filter('read_post')
#1 C:\Users\Matias Flores\Local Sites\blocks\app\public\wp-includes\class-wp-user-query.php(78): WP_User_Query->prepare_query(Array)
#2 C:\Users\Matias Flores\Local Sites\blocks\app\public\wp-includes\user.php(775): WP_User_Query->__construct(Array)
#3 C:\Users\Matias Flores\Local Sites\blocks\app\public\wp-includes\user.php(1667): get_users(Array)
#4 C:\Users\Matias Flores\Local Sites\blocks\app\public\wp-admin\includes\class-wp-posts-list-table.php(1711): wp_dropdown_users(Array)
#5 C:\Users\Matias Flores\Local Sites\blocks\app\public\wp-admin\edit.php(493): WP_Posts_List_Table->inline_edit()
#6 {main}
  thrown en C:\Users\Matias Flores\Local Sites\blocks\app\public\wp-includes\class-wp-user-query.php en la línea 479

2023-04-22T19:55:32+00:00 CRITICAL Uncaught TypeError: array_filter(): Argument #1 ($array) must be of type array, string given in C:\Users\Matias Flores\Local Sites\blocks\app\public\wp-includes\class-wp-user-query.php:479
Stack trace:
#0 C:\Users\Matias Flores\Local Sites\blocks\app\public\wp-includes\class-wp-user-query.php(479): array_filter('read_post')
#1 C:\Users\Matias Flores\Local Sites\blocks\app\public\wp-includes\class-wp-user-query.php(78): WP_User_Query->prepare_query(Array)
#2 C:\Users\Matias Flores\Local Sites\blocks\app\public\wp-includes\user.php(775): WP_User_Query->__construct(Array)
#3 C:\Users\Matias Flores\Local Sites\blocks\app\public\wp-includes\user.php(1667): get_users(Array)
#4 C:\Users\Matias Flores\Local Sites\blocks\app\public\wp-admin\includes\class-wp-posts-list-table.php(1711): wp_dropdown_users(Array)
#5 C:\Users\Matias Flores\Local Sites\blocks\app\public\wp-admin\edit.php(493): WP_Posts_List_Table->inline_edit()
#6 {main}
  thrown en C:\Users\Matias Flores\Local Sites\blocks\app\public\wp-includes\class-wp-user-query.php en la línea 479

2023-04-22T19:55:49+00:00 CRITICAL Uncaught TypeError: array_filter(): Argument #1 ($array) must be of type array, string given in C:\Users\Matias Flores\Local Sites\blocks\app\public\wp-includes\class-wp-user-query.php:479
Stack trace:
#0 C:\Users\Matias Flores\Local Sites\blocks\app\public\wp-includes\class-wp-user-query.php(479): array_filter('read_post')
#1 C:\Users\Matias Flores\Local Sites\blocks\app\public\wp-includes\class-wp-user-query.php(78): WP_User_Query->prepare_query(Array)
#2 C:\Users\Matias Flores\Local Sites\blocks\app\public\wp-includes\user.php(775): WP_User_Query->__construct(Array)
#3 C:\Users\Matias Flores\Local Sites\blocks\app\public\wp-includes\user.php(1667): get_users(Array)
#4 C:\Users\Matias Flores\Local Sites\blocks\app\public\wp-admin\includes\class-wp-posts-list-table.php(1711): wp_dropdown_users(Array)
#5 C:\Users\Matias Flores\Local Sites\blocks\app\public\wp-admin\edit.php(493): WP_Posts_List_Table->inline_edit()
#6 {main}
  thrown en C:\Users\Matias Flores\Local Sites\blocks\app\public\wp-includes\class-wp-user-query.php en la línea 479

2023-04-22T19:56:38+00:00 CRITICAL Uncaught TypeError: array_filter(): Argument #1 ($array) must be of type array, string given in C:\Users\Matias Flores\Local Sites\blocks\app\public\wp-includes\class-wp-user-query.php:479
Stack trace:
#0 C:\Users\Matias Flores\Local Sites\blocks\app\public\wp-includes\class-wp-user-query.php(479): array_filter('read_post')
#1 C:\Users\Matias Flores\Local Sites\blocks\app\public\wp-includes\class-wp-user-query.php(78): WP_User_Query->prepare_query(Array)
#2 C:\Users\Matias Flores\Local Sites\blocks\app\public\wp-includes\user.php(775): WP_User_Query->__construct(Array)
#3 C:\Users\Matias Flores\Local Sites\blocks\app\public\wp-includes\user.php(1667): get_users(Array)
#4 C:\Users\Matias Flores\Local Sites\blocks\app\public\wp-admin\includes\class-wp-posts-list-table.php(1711): wp_dropdown_users(Array)
#5 C:\Users\Matias Flores\Local Sites\blocks\app\public\wp-admin\edit.php(493): WP_Posts_List_Table->inline_edit()
#6 {main}
  thrown en C:\Users\Matias Flores\Local Sites\blocks\app\public\wp-includes\class-wp-user-query.php en la línea 479

2023-04-22T19:57:53+00:00 CRITICAL Uncaught TypeError: array_filter(): Argument #1 ($array) must be of type array, string given in C:\Users\Matias Flores\Local Sites\blocks\app\public\wp-includes\class-wp-user-query.php:479
Stack trace:
#0 C:\Users\Matias Flores\Local Sites\blocks\app\public\wp-includes\class-wp-user-query.php(479): array_filter('read_post')
#1 C:\Users\Matias Flores\Local Sites\blocks\app\public\wp-includes\class-wp-user-query.php(78): WP_User_Query->prepare_query(Array)
#2 C:\Users\Matias Flores\Local Sites\blocks\app\public\wp-includes\user.php(775): WP_User_Query->__construct(Array)
#3 C:\Users\Matias Flores\Local Sites\blocks\app\public\wp-includes\user.php(1667): get_users(Array)
#4 C:\Users\Matias Flores\Local Sites\blocks\app\public\wp-admin\includes\class-wp-posts-list-table.php(1711): wp_dropdown_users(Array)
#5 C:\Users\Matias Flores\Local Sites\blocks\app\public\wp-admin\edit.php(493): WP_Posts_List_Table->inline_edit()
#6 {main}
  thrown en C:\Users\Matias Flores\Local Sites\blocks\app\public\wp-includes\class-wp-user-query.php en la línea 479

2023-04-22T19:58:52+00:00 CRITICAL Uncaught TypeError: array_filter(): Argument #1 ($array) must be of type array, string given in C:\Users\Matias Flores\Local Sites\blocks\app\public\wp-includes\class-wp-user-query.php:479
Stack trace:
#0 C:\Users\Matias Flores\Local Sites\blocks\app\public\wp-includes\class-wp-user-query.php(479): array_filter('read_post')
#1 C:\Users\Matias Flores\Local Sites\blocks\app\public\wp-includes\class-wp-user-query.php(78): WP_User_Query->prepare_query(Array)
#2 C:\Users\Matias Flores\Local Sites\blocks\app\public\wp-includes\user.php(775): WP_User_Query->__construct(Array)
#3 C:\Users\Matias Flores\Local Sites\blocks\app\public\wp-includes\user.php(1667): get_users(Array)
#4 C:\Users\Matias Flores\Local Sites\blocks\app\public\wp-admin\includes\class-wp-posts-list-table.php(1711): wp_dropdown_users(Array)
#5 C:\Users\Matias Flores\Local Sites\blocks\app\public\wp-admin\edit.php(493): WP_Posts_List_Table->inline_edit()
#6 {main}
  thrown en C:\Users\Matias Flores\Local Sites\blocks\app\public\wp-includes\class-wp-user-query.php en la línea 479

2023-04-22T19:59:08+00:00 CRITICAL Uncaught TypeError: array_filter(): Argument #1 ($array) must be of type array, string given in C:\Users\Matias Flores\Local Sites\blocks\app\public\wp-includes\class-wp-user-query.php:479
Stack trace:
#0 C:\Users\Matias Flores\Local Sites\blocks\app\public\wp-includes\class-wp-user-query.php(479): array_filter('read_post')
#1 C:\Users\Matias Flores\Local Sites\blocks\app\public\wp-includes\class-wp-user-query.php(78): WP_User_Query->prepare_query(Array)
#2 C:\Users\Matias Flores\Local Sites\blocks\app\public\wp-includes\user.php(775): WP_User_Query->__construct(Array)
#3 C:\Users\Matias Flores\Local Sites\blocks\app\public\wp-includes\user.php(1667): get_users(Array)
#4 C:\Users\Matias Flores\Local Sites\blocks\app\public\wp-admin\includes\class-wp-posts-list-table.php(1711): wp_dropdown_users(Array)
#5 C:\Users\Matias Flores\Local Sites\blocks\app\public\wp-admin\edit.php(493): WP_Posts_List_Table->inline_edit()
#6 {main}
  thrown en C:\Users\Matias Flores\Local Sites\blocks\app\public\wp-includes\class-wp-user-query.php en la línea 479

2023-04-22T19:59:09+00:00 CRITICAL Uncaught TypeError: array_filter(): Argument #1 ($array) must be of type array, string given in C:\Users\Matias Flores\Local Sites\blocks\app\public\wp-includes\class-wp-user-query.php:479
Stack trace:
#0 C:\Users\Matias Flores\Local Sites\blocks\app\public\wp-includes\class-wp-user-query.php(479): array_filter('read_post')
#1 C:\Users\Matias Flores\Local Sites\blocks\app\public\wp-includes\class-wp-user-query.php(78): WP_User_Query->prepare_query(Array)
#2 C:\Users\Matias Flores\Local Sites\blocks\app\public\wp-includes\user.php(775): WP_User_Query->__construct(Array)
#3 C:\Users\Matias Flores\Local Sites\blocks\app\public\wp-includes\user.php(1667): get_users(Array)
#4 C:\Users\Matias Flores\Local Sites\blocks\app\public\wp-admin\includes\class-wp-posts-list-table.php(1711): wp_dropdown_users(Array)
#5 C:\Users\Matias Flores\Local Sites\blocks\app\public\wp-admin\edit.php(493): WP_Posts_List_Table->inline_edit()
#6 {main}
  thrown en C:\Users\Matias Flores\Local Sites\blocks\app\public\wp-includes\class-wp-user-query.php en la línea 479

2023-04-22T19:59:41+00:00 CRITICAL Uncaught TypeError: array_filter(): Argument #1 ($array) must be of type array, string given in C:\Users\Matias Flores\Local Sites\blocks\app\public\wp-includes\class-wp-user-query.php:479
Stack trace:
#0 C:\Users\Matias Flores\Local Sites\blocks\app\public\wp-includes\class-wp-user-query.php(479): array_filter('read_post')
#1 C:\Users\Matias Flores\Local Sites\blocks\app\public\wp-includes\class-wp-user-query.php(78): WP_User_Query->prepare_query(Array)
#2 C:\Users\Matias Flores\Local Sites\blocks\app\public\wp-includes\user.php(775): WP_User_Query->__construct(Array)
#3 C:\Users\Matias Flores\Local Sites\blocks\app\public\wp-includes\user.php(1667): get_users(Array)
#4 C:\Users\Matias Flores\Local Sites\blocks\app\public\wp-admin\includes\class-wp-posts-list-table.php(1711): wp_dropdown_users(Array)
#5 C:\Users\Matias Flores\Local Sites\blocks\app\public\wp-admin\edit.php(493): WP_Posts_List_Table->inline_edit()
#6 {main}
  thrown en C:\Users\Matias Flores\Local Sites\blocks\app\public\wp-includes\class-wp-user-query.php en la línea 479

2023-04-22T19:59:46+00:00 CRITICAL Uncaught TypeError: array_filter(): Argument #1 ($array) must be of type array, string given in C:\Users\Matias Flores\Local Sites\blocks\app\public\wp-includes\class-wp-user-query.php:479
Stack trace:
#0 C:\Users\Matias Flores\Local Sites\blocks\app\public\wp-includes\class-wp-user-query.php(479): array_filter('read_post')
#1 C:\Users\Matias Flores\Local Sites\blocks\app\public\wp-includes\class-wp-user-query.php(78): WP_User_Query->prepare_query(Array)
#2 C:\Users\Matias Flores\Local Sites\blocks\app\public\wp-includes\user.php(775): WP_User_Query->__construct(Array)
#3 C:\Users\Matias Flores\Local Sites\blocks\app\public\wp-includes\user.php(1667): get_users(Array)
#4 C:\Users\Matias Flores\Local Sites\blocks\app\public\wp-admin\includes\class-wp-posts-list-table.php(1711): wp_dropdown_users(Array)
#5 C:\Users\Matias Flores\Local Sites\blocks\app\public\wp-admin\edit.php(493): WP_Posts_List_Table->inline_edit()
#6 {main}
  thrown en C:\Users\Matias Flores\Local Sites\blocks\app\public\wp-includes\class-wp-user-query.php en la línea 479

2023-04-22T20:00:11+00:00 CRITICAL Uncaught TypeError: array_filter(): Argument #1 ($array) must be of type array, string given in C:\Users\Matias Flores\Local Sites\blocks\app\public\wp-includes\class-wp-user-query.php:479
Stack trace:
#0 C:\Users\Matias Flores\Local Sites\blocks\app\public\wp-includes\class-wp-user-query.php(479): array_filter('read_post')
#1 C:\Users\Matias Flores\Local Sites\blocks\app\public\wp-includes\class-wp-user-query.php(78): WP_User_Query->prepare_query(Array)
#2 C:\Users\Matias Flores\Local Sites\blocks\app\public\wp-includes\user.php(775): WP_User_Query->__construct(Array)
#3 C:\Users\Matias Flores\Local Sites\blocks\app\public\wp-includes\user.php(1667): get_users(Array)
#4 C:\Users\Matias Flores\Local Sites\blocks\app\public\wp-admin\includes\class-wp-posts-list-table.php(1711): wp_dropdown_users(Array)
#5 C:\Users\Matias Flores\Local Sites\blocks\app\public\wp-admin\edit.php(493): WP_Posts_List_Table->inline_edit()
#6 {main}
  thrown en C:\Users\Matias Flores\Local Sites\blocks\app\public\wp-includes\class-wp-user-query.php en la línea 479

2023-04-22T20:21:19+00:00 CRITICAL Uncaught TypeError: count(): Argument #1 ($value) must be of type Countable|array, string given in C:\Users\Matias Flores\Local Sites\blocks\app\public\wp-content\plugins\frontend-login\blocks\news\index.php:18
Stack trace:
#0 C:\Users\Matias Flores\Local Sites\blocks\app\public\wp-includes\class-wp-block.php(258): plz_news_render_callback(Array, '', Object(WP_Block))
#1 C:\Users\Matias Flores\Local Sites\blocks\app\public\wp-includes\blocks.php(1051): WP_Block->render()
#2 C:\Users\Matias Flores\Local Sites\blocks\app\public\wp-includes\blocks.php(1089): render_block(Array)
#3 C:\Users\Matias Flores\Local Sites\blocks\app\public\wp-includes\class-wp-hook.php(308): do_blocks('<!-- wp:paragra...')
#4 C:\Users\Matias Flores\Local Sites\blocks\app\public\wp-includes\plugin.php(205): WP_Hook->apply_filters('<!-- wp:paragra...', Array)
#5 C:\Users\Matias Flores\Local Sites\blocks\app\public\wp-includes\rest-api\endpoints\class-wp-rest-posts-controller.php(1860): apply_filters('the_content', '<!-- wp:paragra...')
#6 C:\Users\Matias Flores\Local Sites\blocks\app\public\wp-includes\rest-api\endpoints\class-wp-rest-posts-controller.php(569): WP_REST_Posts_Controller->prepare_item_for_response(Object(WP_Post), Object(WP_REST_Request))
#7 C:\Users\Matias Flores\Local Sites\blocks\app\public\wp-includes\rest-api\class-wp-rest-server.php(1181): WP_REST_Posts_Controller->get_item(Object(WP_REST_Request))
#8 C:\Users\Matias Flores\Local Sites\blocks\app\public\wp-includes\rest-api\class-wp-rest-server.php(1028): WP_REST_Server->respond_to_request(Object(WP_REST_Request), '/wp/v2/posts/(?...', Array, NULL)
#9 C:\Users\Matias Flores\Local Sites\blocks\app\public\wp-includes\rest-api.php(535): WP_REST_Server->dispatch(Object(WP_REST_Request))
#10 C:\Users\Matias Flores\Local Sites\blocks\app\public\wp-includes\rest-api.php(2889): rest_do_request(Object(WP_REST_Request))
#11 [internal function]: rest_preload_api_request(Array, '/wp/v2/posts/75...')
#12 C:\Users\Matias Flores\Local Sites\blocks\app\public\wp-includes\block-editor.php(634): array_reduce(Array, 'rest_preload_ap...', Array)
#13 C:\Users\Matias Flores\Local Sites\blocks\app\public\wp-admin\edit-form-blocks.php(77): block_editor_rest_api_preload(Array, Object(WP_Block_Editor_Context))
#14 C:\Users\Matias Flores\Local Sites\blocks\app\public\wp-admin\post.php(187): require('C:\\Users\\Matias...')
#15 {main}
  thrown en C:\Users\Matias Flores\Local Sites\blocks\app\public\wp-content\plugins\frontend-login\blocks\news\index.php en la línea 18

